Start testing: Aug 20 17:04 CST
----------------------------------------------------------
Unable to find executable: /home/cs144/sponge/cmake-build-debug/tests/byte_stream_construction
23/166 Testing: t_byte_stream_construction
23/166 Test: t_byte_stream_construction
Command: ""
Directory: /home/cs144/sponge/cmake-build-debug
"t_byte_stream_construction" start time: 
Output:
----------------------------------------------------------
<end of output>
Test time =   0.00 sec
----------------------------------------------------------
Test Passed.
"t_byte_stream_construction" end time: Aug 20 17:04 CST
"t_byte_stream_construction" time elapsed: 00:00:00
----------------------------------------------------------

Unable to find executable: /home/cs144/sponge/cmake-build-debug/tests/byte_stream_one_write
24/166 Testing: t_byte_stream_one_write
24/166 Test: t_byte_stream_one_write
Command: ""
Directory: /home/cs144/sponge/cmake-build-debug
"t_byte_stream_one_write" start time: 
Output:
----------------------------------------------------------
<end of output>
Test time =   0.00 sec
----------------------------------------------------------
Test Passed.
"t_byte_stream_one_write" end time: Aug 20 17:04 CST
"t_byte_stream_one_write" time elapsed: 00:00:00
----------------------------------------------------------

Unable to find executable: /home/cs144/sponge/cmake-build-debug/tests/byte_stream_two_writes
25/166 Testing: t_byte_stream_two_writes
25/166 Test: t_byte_stream_two_writes
Command: ""
Directory: /home/cs144/sponge/cmake-build-debug
"t_byte_stream_two_writes" start time: 
Output:
----------------------------------------------------------
<end of output>
Test time =   0.00 sec
----------------------------------------------------------
Test Passed.
"t_byte_stream_two_writes" end time: Aug 20 17:04 CST
"t_byte_stream_two_writes" time elapsed: 00:00:00
----------------------------------------------------------

Unable to find executable: /home/cs144/sponge/cmake-build-debug/tests/byte_stream_capacity
26/166 Testing: t_byte_stream_capacity
26/166 Test: t_byte_stream_capacity
Command: ""
Directory: /home/cs144/sponge/cmake-build-debug
"t_byte_stream_capacity" start time: 
Output:
----------------------------------------------------------
<end of output>
Test time =   0.00 sec
----------------------------------------------------------
Test Passed.
"t_byte_stream_capacity" end time: Aug 20 17:04 CST
"t_byte_stream_capacity" time elapsed: 00:00:00
----------------------------------------------------------

Unable to find executable: /home/cs144/sponge/cmake-build-debug/tests/byte_stream_many_writes
27/166 Testing: t_byte_stream_many_writes
27/166 Test: t_byte_stream_many_writes
Command: ""
Directory: /home/cs144/sponge/cmake-build-debug
"t_byte_stream_many_writes" start time: 
Output:
----------------------------------------------------------
<end of output>
Test time =   0.00 sec
----------------------------------------------------------
Test Passed.
"t_byte_stream_many_writes" end time: Aug 20 17:04 CST
"t_byte_stream_many_writes" time elapsed: 00:00:00
----------------------------------------------------------

28/166 Testing: t_webget
28/166 Test: t_webget
Command: "/home/cs144/sponge/tests/webget_t.sh"
Directory: /home/cs144/sponge/cmake-build-debug
"t_webget" start time: Aug 20 17:04 CST
Output:
----------------------------------------------------------
 tick
ERROR: webget returned output that did not match the test's expectations
<end of output>
Test time =   0.02 sec
----------------------------------------------------------
Test Failed.
"t_webget" end time: Aug 20 17:04 CST
"t_webget" time elapsed: 00:00:00
----------------------------------------------------------

Unable to find executable: /home/cs144/sponge/cmake-build-debug/doctests/address_dt
50/166 Testing: t_address_dt
50/166 Test: t_address_dt
Command: ""
Directory: /home/cs144/sponge/cmake-build-debug
"t_address_dt" start time: 
Output:
----------------------------------------------------------
<end of output>
Test time =   0.00 sec
----------------------------------------------------------
Test Passed.
"t_address_dt" end time: Aug 20 17:04 CST
"t_address_dt" time elapsed: 00:00:00
----------------------------------------------------------

Unable to find executable: /home/cs144/sponge/cmake-build-debug/doctests/parser_dt
51/166 Testing: t_parser_dt
51/166 Test: t_parser_dt
Command: ""
Directory: /home/cs144/sponge/cmake-build-debug
"t_parser_dt" start time: 
Output:
----------------------------------------------------------
<end of output>
Test time =   0.00 sec
----------------------------------------------------------
Test Passed.
"t_parser_dt" end time: Aug 20 17:04 CST
"t_parser_dt" time elapsed: 00:00:00
----------------------------------------------------------

Unable to find executable: /home/cs144/sponge/cmake-build-debug/doctests/socket_dt
52/166 Testing: t_socket_dt
52/166 Test: t_socket_dt
Command: ""
Directory: /home/cs144/sponge/cmake-build-debug
"t_socket_dt" start time: 
Output:
----------------------------------------------------------
<end of output>
Test time =   0.00 sec
----------------------------------------------------------
Test Passed.
"t_socket_dt" end time: Aug 20 17:04 CST
"t_socket_dt" time elapsed: 00:00:00
----------------------------------------------------------

End testing: Aug 20 17:04 CST
